# JRE version: OpenJDK Runtime Environment (8.0_242-b01) (build 1.8.0_242-release-1644-b01)
# Java VM: OpenJDK 64-Bit Server VM (25.242-b01 mixed mode windows-amd64 compressed oops)
Heap:
 PSYoungGen      total 449024K, used 183739K [0x00000000d5580000, 0x00000000fa880000, 0x0000000100000000)
  eden space 413696K, 40% used [0x00000000d5580000,0x00000000df92d510,0x00000000ee980000)
  from space 35328K, 45% used [0x00000000ee980000,0x00000000ef9419c0,0x00000000f0c00000)
  to   space 33792K, 0% used [0x00000000f8780000,0x00000000f8780000,0x00000000fa880000)
 ParOldGen       total 148992K, used 65674K [0x0000000080000000, 0x0000000089180000, 0x00000000d5580000)
  object space 148992K, 44% used [0x0000000080000000,0x00000000840228e8,0x0000000089180000)
 Metaspace       used 99980K, capacity 104844K, committed 105048K, reserved 1140736K
  class space    used 13096K, capacity 14081K, committed 14208K, reserved 1048576K
GC Heap History (10 events):
Event: 29.885 GC heap before
{Heap before GC invocations=13 (full 3):
 PSYoungGen      total 251904K, used 236032K [0x00000000d5580000, 0x00000000eba00000, 0x0000000100000000)
  eden space 236032K, 100% used [0x00000000d5580000,0x00000000e3c00000,0x00000000e3c00000)
  from space 15872K, 0% used [0x00000000e3c00000,0x00000000e3c00000,0x00000000e4b80000)
  to   space 22528K, 0% used [0x00000000ea400000,0x00000000ea400000,0x00000000eba00000)
 ParOldGen       total 101376K, used 39084K [0x0000000080000000, 0x0000000086300000, 0x00000000d5580000)
  object space 101376K, 38% used [0x0000000080000000,0x000000008262b120,0x0000000086300000)
 Metaspace       used 70085K, capacity 73024K, committed 73304K, reserved 1112064K
  class space    used 9449K, capacity 10036K, committed 10112K, reserved 1048576K
Event: 29.954 GC heap after
Heap after GC invocations=13 (full 3):
 PSYoungGen      total 338944K, used 22516K [0x00000000d5580000, 0x00000000ec600000, 0x0000000100000000)
  eden space 316416K, 0% used [0x00000000d5580000,0x00000000d5580000,0x00000000e8a80000)
  from space 22528K, 99% used [0x00000000ea400000,0x00000000eb9fd238,0x00000000eba00000)
  to   space 26112K, 0% used [0x00000000e8a80000,0x00000000e8a80000,0x00000000ea400000)
 ParOldGen       total 101376K, used 39610K [0x0000000080000000, 0x0000000086300000, 0x00000000d5580000)
  object space 101376K, 39% used [0x0000000080000000,0x00000000826ae990,0x0000000086300000)
 Metaspace       used 70085K, capacity 73024K, committed 73304K, reserved 1112064K
  class space    used 9449K, capacity 10036K, committed 10112K, reserved 1048576K
}
Event: 37.295 GC heap before
{Heap before GC invocations=14 (full 3):
 PSYoungGen      total 338944K, used 338932K [0x00000000d5580000, 0x00000000ec600000, 0x0000000100000000)
  eden space 316416K, 100% used [0x00000000d5580000,0x00000000e8a80000,0x00000000e8a80000)
  from space 22528K, 99% used [0x00000000ea400000,0x00000000eb9fd238,0x00000000eba00000)
  to   space 26112K, 0% used [0x00000000e8a80000,0x00000000e8a80000,0x00000000ea400000)
 ParOldGen       total 101376K, used 39610K [0x0000000080000000, 0x0000000086300000, 0x00000000d5580000)
  object space 101376K, 39% used [0x0000000080000000,0x00000000826ae990,0x0000000086300000)
 Metaspace       used 83922K, capacity 87726K, committed 88024K, reserved 1126400K
  class space    used 11227K, capacity 11942K, committed 12032K, reserved 1048576K
Event: 37.364 GC heap after
Heap after GC invocations=14 (full 3):
 PSYoungGen      total 342528K, used 26092K [0x00000000d5580000, 0x00000000f3c80000, 0x0000000100000000)
  eden space 316416K, 0% used [0x00000000d5580000,0x00000000d5580000,0x00000000e8a80000)
  from space 26112K, 99% used [0x00000000e8a80000,0x00000000ea3fb3e8,0x00000000ea400000)
  to   space 35840K, 0% used [0x00000000f1980000,0x00000000f1980000,0x00000000f3c80000)
 ParOldGen       total 101376K, used 54741K [0x0000000080000000, 0x0000000086300000, 0x00000000d5580000)
  object space 101376K, 53% used [0x0000000080000000,0x00000000835757b8,0x0000000086300000)
 Metaspace       used 83922K, capacity 87726K, committed 88024K, reserved 1126400K
  class space    used 11227K, capacity 11942K, committed 12032K, reserved 1048576K
}
Event: 298.187 GC heap before
{Heap before GC invocations=15 (full 3):
 PSYoungGen      total 342528K, used 272645K [0x00000000d5580000, 0x00000000f3c80000, 0x0000000100000000)
  eden space 316416K, 77% used [0x00000000d5580000,0x00000000e46463d8,0x00000000e8a80000)
  from space 26112K, 99% used [0x00000000e8a80000,0x00000000ea3fb3e8,0x00000000ea400000)
  to   space 35840K, 0% used [0x00000000f1980000,0x00000000f1980000,0x00000000f3c80000)
 ParOldGen       total 101376K, used 54741K [0x0000000080000000, 0x0000000086300000, 0x00000000d5580000)
  object space 101376K, 53% used [0x0000000080000000,0x00000000835757b8,0x0000000086300000)
 Metaspace       used 93782K, capacity 98294K, committed 98380K, reserved 1134592K
  class space    used 12360K, capacity 13286K, committed 13312K, reserved 1048576K
Event: 298.231 GC heap after
Heap after GC invocations=15 (full 3):
 PSYoungGen      total 435200K, used 19790K [0x00000000d5580000, 0x00000000f2e80000, 0x0000000100000000)
  eden space 413696K, 0% used [0x00000000d5580000,0x00000000d5580000,0x00000000ee980000)
  from space 21504K, 92% used [0x00000000f1980000,0x00000000f2cd3860,0x00000000f2e80000)
  to   space 35328K, 0% used [0x00000000ee980000,0x00000000ee980000,0x00000000f0c00000)
 ParOldGen       total 101376K, used 70832K [0x0000000080000000, 0x0000000086300000, 0x00000000d5580000)
  object space 101376K, 69% used [0x0000000080000000,0x000000008452c0f8,0x0000000086300000)
 Metaspace       used 93782K, capacity 98294K, committed 98380K, reserved 1134592K
  class space    used 12360K, capacity 13286K, committed 13312K, reserved 1048576K
}
Event: 298.231 GC heap before
{Heap before GC invocations=16 (full 4):
 PSYoungGen      total 435200K, used 19790K [0x00000000d5580000, 0x00000000f2e80000, 0x0000000100000000)
  eden space 413696K, 0% used [0x00000000d5580000,0x00000000d5580000,0x00000000ee980000)
  from space 21504K, 92% used [0x00000000f1980000,0x00000000f2cd3860,0x00000000f2e80000)
  to   space 35328K, 0% used [0x00000000ee980000,0x00000000ee980000,0x00000000f0c00000)
 ParOldGen       total 101376K, used 70832K [0x0000000080000000, 0x0000000086300000, 0x00000000d5580000)
  object space 101376K, 69% used [0x0000000080000000,0x000000008452c0f8,0x0000000086300000)
 Metaspace       used 93782K, capacity 98294K, committed 98380K, reserved 1134592K
  class space    used 12360K, capacity 13286K, committed 13312K, reserved 1048576K
Event: 298.526 GC heap after
Heap after GC invocations=16 (full 4):
 PSYoungGen      total 435200K, used 0K [0x00000000d5580000, 0x00000000f2e80000, 0x0000000100000000)
  eden space 413696K, 0% used [0x00000000d5580000,0x00000000d5580000,0x00000000ee980000)
  from space 21504K, 0% used [0x00000000f1980000,0x00000000f1980000,0x00000000f2e80000)
  to   space 35328K, 0% used [0x00000000ee980000,0x00000000ee980000,0x00000000f0c00000)
 ParOldGen       total 148992K, used 65666K [0x0000000080000000, 0x0000000089180000, 0x00000000d5580000)
  object space 148992K, 44% used [0x0000000080000000,0x00000000840208e8,0x0000000089180000)
 Metaspace       used 93761K, capacity 98228K, committed 98380K, reserved 1134592K
  class space    used 12352K, capacity 13273K, committed 13312K, reserved 1048576K
}
Event: 316.917 GC heap before
{Heap before GC invocations=17 (full 4):
 PSYoungGen      total 435200K, used 413696K [0x00000000d5580000, 0x00000000f2e80000, 0x0000000100000000)
  eden space 413696K, 100% used [0x00000000d5580000,0x00000000ee980000,0x00000000ee980000)
  from space 21504K, 0% used [0x00000000f1980000,0x00000000f1980000,0x00000000f2e80000)
  to   space 35328K, 0% used [0x00000000ee980000,0x00000000ee980000,0x00000000f0c00000)
 ParOldGen       total 148992K, used 65666K [0x0000000080000000, 0x0000000089180000, 0x00000000d5580000)
  object space 148992K, 44% used [0x0000000080000000,0x00000000840208e8,0x0000000089180000)
 Metaspace       used 98406K, capacity 103164K, committed 103384K, reserved 1138688K
  class space    used 12875K, capacity 13821K, committed 13824K, reserved 1048576K
Event: 316.956 GC heap after
Heap after GC invocations=17 (full 4):
 PSYoungGen      total 449024K, used 16134K [0x00000000d5580000, 0x00000000fa880000, 0x0000000100000000)
  eden space 413696K, 0% used [0x00000000d5580000,0x00000000d5580000,0x00000000ee980000)
  from space 35328K, 45% used [0x00000000ee980000,0x00000000ef9419c0,0x00000000f0c00000)
  to   space 33792K, 0% used [0x00000000f8780000,0x00000000f8780000,0x00000000fa880000)
 ParOldGen       total 148992K, used 65674K [0x0000000080000000, 0x0000000089180000, 0x00000000d5580000)
  object space 148992K, 44% used [0x0000000080000000,0x00000000840228e8,0x0000000089180000)
 Metaspace       used 98406K, capacity 103164K, committed 103384K, reserved 1138688K
  class space    used 12875K, capacity 13821K, committed 13824K, reserved 1048576K
}

